/*C12*/SET SCHEMA PUBLIC
drop table if exists application_user CASCADE 
drop table if exists quest CASCADE 
drop sequence hibernate_sequence if exists
create sequence hibernate_sequence start with 1 increment by 1
create table application_user (id bigint generated by default as identity (start with 1), password varchar(255), username varchar(255), primary key (id))
create table quest (id bigint not null, description varchar(255), is_done boolean, name varchar(255), points integer not null, primary key (id))
INSERT INTO APPLICATION_USER VALUES(1,'$2a$10$GNg9WUwVW2YMynrU9gSOUeoZ3yqAXppzbMzxzwOvZjW.xVFJPwe9C','user')
COMMIT
INSERT INTO QUEST VALUES(1,'desc1',FALSE,'Quest1',1)
ALTER SEQUENCE PUBLIC.HIBERNATE_SEQUENCE RESTART WITH 2
COMMIT
INSERT INTO QUEST VALUES(2,'desc2',FALSE,'Quest2',1)
ALTER SEQUENCE PUBLIC.HIBERNATE_SEQUENCE RESTART WITH 3
COMMIT
drop table if exists application_user CASCADE 
drop table if exists quest CASCADE 
drop sequence hibernate_sequence if exists
DISCONNECT
/*C13*/SET SCHEMA PUBLIC
DISCONNECT
/*C14*/SET SCHEMA PUBLIC
DISCONNECT
/*C15*/SET SCHEMA PUBLIC
DISCONNECT
/*C16*/SET SCHEMA PUBLIC
DISCONNECT
/*C17*/SET SCHEMA PUBLIC
DISCONNECT
/*C18*/SET SCHEMA PUBLIC
DISCONNECT
/*C19*/SET SCHEMA PUBLIC
DISCONNECT
/*C20*/SET SCHEMA PUBLIC
DISCONNECT
/*C21*/SET SCHEMA PUBLIC
DISCONNECT
